2023-06-01		15:21:02	ff1b0c5d-abdb-41b8-afd4-d18d69f67873	 undefined: ECONNREFUSED	undefined	undefined 
2023-06-02		11:32:49	8d807fe6-7a26-43e0-87e3-6659cf0cec92	 undefined: ECONNREFUSED	undefined	undefined 
2023-06-02		11:35:37	7a4fa60d-c3ff-41cb-a171-954c574e52d0	 undefined: ECONNREFUSED	undefined	undefined 
2023-06-02		11:36:06	e137845f-729f-4674-959e-ac615edfe14e	 undefined: ECONNREFUSED	undefined	undefined 
2023-06-02		12:58:45	4b9fe22a-5729-4fb3-b590-e60dd9748c41	 undefined: ECONNREFUSED	undefined	undefined 
2023-06-02		12:58:57	0b0ea93a-108d-4c76-8220-e9af50d1b5fa	 undefined: ECONNREFUSED	undefined	undefined 
2023-06-02		12:59:12	d4c49e26-2ba0-4c57-9522-497cbb8cfb52	 undefined: ECONNREFUSED	undefined	undefined 
2023-06-02		12:59:21	bec77614-7c24-4473-92e1-4ce0372f51ec	 undefined: ECONNREFUSED	undefined	undefined 
2023-06-02		12:59:41	7b79823f-a307-433e-8552-3bf49d8f9cc9	 undefined: ECONNREFUSED	undefined	undefined 
2023-06-02		12:59:51	6506855f-04e6-4de6-b7d6-988a9e25bb48	 undefined: ECONNREFUSED	undefined	undefined 
2023-06-02		13:02:24	130f16e7-4cb2-4486-b7eb-aca27c32eb99	 undefined: ECONNREFUSED	undefined	undefined 
2023-06-02		13:02:55	7803ec70-4f9f-4fd4-84d0-4c05e0940d95	 undefined: ECONNREFUSED	undefined	undefined 
2023-06-02		13:03:10	9edd1d10-87ed-4996-8636-ac5a0e2a273d	 undefined: ECONNREFUSED	undefined	undefined 
2023-06-02		13:04:20	72e464c9-19fc-4934-bf9a-a7c2606927f5	 undefined: ECONNREFUSED	undefined	undefined 
2023-06-02		13:04:42	167f3d48-48a4-45d7-8c5c-6f035f38797a	 undefined: ECONNREFUSED	undefined	undefined 
2023-06-02		13:04:55	82705ff9-0df5-4b66-bd7c-67667f3f94b0	 undefined: ECONNREFUSED	undefined	undefined 
2023-06-02		13:05:27	24f380d7-df6c-4d42-bf37-3f05685843a5	 undefined: ECONNREFUSED	undefined	undefined 
2023-06-02		13:06:44	1569f54a-23dc-4f5a-b095-4997ff23a2c2	 undefined: ECONNREFUSED	undefined	undefined 
2023-06-02		13:06:49	c5acea71-8cd5-41e0-8d99-0aa1e8567a08	 undefined: ECONNREFUSED	undefined	undefined 
2023-06-02		13:07:37	8d661d97-a578-4b07-86ca-ffbcb09ab0b3	 undefined: ECONNREFUSED	undefined	undefined 
2023-06-02		13:07:40	d68009f8-5b4e-4272-9bf2-fc57c4bfe177	 undefined: ECONNREFUSED	undefined	undefined 
2023-06-02		13:09:46	3a0afa63-4cc2-471c-912e-aaf175352c4a	 undefined: ECONNREFUSED	undefined	undefined 
2023-06-02		13:10:04	f6dd3ab3-30f8-42d1-9ff1-ab54bac2fa66	 undefined: ECONNREFUSED	undefined	undefined 
2023-06-02		13:10:12	3b59399a-49c8-4e24-a74b-18cc21a1cfa1	 undefined: ECONNREFUSED	undefined	undefined 
2023-06-02		13:11:10	0913bb95-7d6d-41b8-a854-9953aa69cc22	 undefined: ECONNREFUSED	undefined	undefined 
2023-06-02		13:12:50	6b673c5b-017a-4f8c-a5a2-83d353100a2a	 undefined: ECONNREFUSED	undefined	undefined 
2023-06-05		09:37:25	5f5bddbf-0d83-499e-a9b4-f62087346d55	 undefined: ECONNREFUSED	undefined	undefined 
2023-06-05		09:38:34	2d3d2f6e-c73a-4188-9d34-796e244987ce	 undefined: ECONNREFUSED	undefined	undefined 
2023-06-05		09:39:23	cf90db98-673b-42f0-b33d-0bbf31f52c69	 undefined: ECONNREFUSED	undefined	undefined 
2023-06-09		11:26:39	8b157880-5fec-427f-9e93-2d6db233228f	 undefined: ETIMEOUT	undefined	undefined 
2023-06-13		14:23:37	04cc8af1-f534-48ed-ba9c-8a4e463afb50	 undefined: undefined	undefined	undefined 
2023-06-13		14:43:52	df1049a2-9311-484c-87c8-f2c0db45d3bf	 undefined: ESERVFAIL	undefined	undefined 
